Jan 29 21:25:52 FSPLLAPNODDR02 normal_user_commands[1377]: root run command: systemctl restart rsyslog
Jan 29 21:25:57 FSPLLAPNODDR02 normal_user_commands[1377]: root run command: cd /var/log/
Jan 29 21:26:06 FSPLLAPNODDR02 normal_user_commands[1377]: root run command: ls -lt linux.log 
Jan 29 21:26:59 FSPLLAPNODDR02 normal_user_commands[1377]: root run command: date
Jan 29 21:27:01 FSPLLAPNODDR02 normal_user_commands[1377]: root run command: ls
Jan 29 21:27:03 FSPLLAPNODDR02 normal_user_commands[1377]: root run command: pwd
Jan 29 21:27:13 FSPLLAPNODDR02 normal_user_commands[1377]: root run command: ls -ltr
Jan 29 21:27:16 FSPLLAPNODDR02 normal_user_commands[1377]: root run command: cat linux.log 
Jan 29 21:27:49 FSPLLAPNODDR02 normal_user_commands[1680]: joy run command: pwd
Jan 29 21:27:52 FSPLLAPNODDR02 normal_user_commands[1680]: joy run command: ll
Jan 29 21:27:53 FSPLLAPNODDR02 normal_user_commands[1680]: joy run command: cd
Jan 29 21:27:58 FSPLLAPNODDR02 normal_user_commands[1680]: joy run command: ls -lhtr
Jan 29 21:28:01 FSPLLAPNODDR02 normal_user_commands[1680]: joy run command: df -th
Jan 29 21:28:06 FSPLLAPNODDR02 normal_user_commands[1377]: root run command: cat linux.log 
Jan 29 21:29:38 FSPLLAPNODDR02 normal_user_commands[1377]: root run command: ls -lt linux.log 
Jan 29 21:29:48 FSPLLAPNODDR02 normal_user_commands[1377]: root run command: du -sh linux.log 
Jan 29 21:30:12 FSPLLAPNODDR02 normal_user_commands[1680]: joy run command: ls
Jan 29 21:30:14 FSPLLAPNODDR02 normal_user_commands[1680]: message repeated 2 times: [ joy run command: ls]
Jan 29 21:30:14 FSPLLAPNODDR02 normal_user_commands[1680]: joy run command: pwd
Jan 29 21:30:16 FSPLLAPNODDR02 normal_user_commands[1680]: joy run command: cd
Jan 29 21:30:22 FSPLLAPNODDR02 normal_user_commands[1680]: joy run command: cd /var/log
Jan 29 21:30:23 FSPLLAPNODDR02 normal_user_commands[1680]: joy run command: cd
Jan 29 21:30:27 FSPLLAPNODDR02 normal_user_commands[1680]: joy run command: du
Jan 29 21:30:32 FSPLLAPNODDR02 normal_user_commands[1680]: joy run command: cat
Jan 29 21:30:36 FSPLLAPNODDR02 normal_user_commands[1377]: root run command: ll
Jan 29 21:30:37 FSPLLAPNODDR02 normal_user_commands[1377]: root run command: pwd
Jan 29 21:30:38 FSPLLAPNODDR02 normal_user_commands[1377]: root run command: ls
Jan 29 21:30:39 FSPLLAPNODDR02 normal_user_commands[1377]: root run command: cd
Jan 29 21:30:44 FSPLLAPNODDR02 normal_user_commands[1377]: root run command: cd /var/log
Jan 29 21:30:49 FSPLLAPNODDR02 normal_user_commands[1377]: root run command: du -sh linux.log 
Jan 29 21:30:57 FSPLLAPNODDR02 normal_user_commands[1377]: root run command: cat linux.log 
Jan 29 21:32:22 FSPLLAPNODDR02 normal_user_commands[1377]: root run command: ls -lt linux.log 
Jan 29 21:32:28 FSPLLAPNODDR02 normal_user_commands[1680]: joy run command: ll
Jan 29 21:32:30 FSPLLAPNODDR02 normal_user_commands[1680]: joy run command: ll
Jan 29 21:32:31 FSPLLAPNODDR02 normal_user_commands[1680]: joy run command: lll
Jan 29 21:32:32 FSPLLAPNODDR02 normal_user_commands[1680]: joy run command: lll
Jan 29 21:32:33 FSPLLAPNODDR02 normal_user_commands[1680]: joy run command: ll
Jan 29 21:32:39 FSPLLAPNODDR02 normal_user_commands[1377]: root run command: ls -lt linux.log 
Jan 29 21:36:03 FSPLLAPNODDR02 normal_user_commands[1377]: root run command: pwd
Jan 29 21:36:05 FSPLLAPNODDR02 normal_user_commands[1377]: root run command: cd
Jan 29 21:36:07 FSPLLAPNODDR02 normal_user_commands[1377]: root run command: pwd
Jan 29 21:36:13 FSPLLAPNODDR02 normal_user_commands[1377]: root run command: cd /var/log
Jan 29 21:36:25 FSPLLAPNODDR02 normal_user_commands[1377]: root run command: git --version
Jan 29 21:37:07 FSPLLAPNODDR02 normal_user_commands[1377]: root run command: git config --global user.name
Jan 29 21:37:26 FSPLLAPNODDR02 normal_user_commands[1377]: root run command: git config --global user.email
Jan 29 21:37:37 FSPLLAPNODDR02 normal_user_commands[1377]: root run command: git init
Jan 29 21:37:47 FSPLLAPNODDR02 normal_user_commands[1377]: root run command: git status
